<?xml version="1.0" encoding="UTF-8"?>
<testsuite name="net.jemzart.rpgkatalondon.unit.DealDamageFromOneCharacterToAnotherShould" tests="1" skipped="0" failures="0" errors="0" timestamp="2019-09-10T03:41:57" hostname="Guisp" time="0.022">
  <properties/>
  <testcase name="persist the new character retrieved from the character service" classname="net.jemzart.rpgkatalondon.unit.DealDamageFromOneCharacterToAnotherShould" time="0.022"/>
  <system-out><![CDATA[]]></system-out>
  <system-err><![CDATA[]]></system-err>
</testsuite>
