<?xml version="1.0" encoding="UTF-8"?>
<testsuite name="net.jemzart.rpgkatalondon.unit.GetCharacterShould" tests="1" skipped="0" failures="0" errors="0" timestamp="2019-09-10T03:41:57" hostname="Guisp" time="0.027">
  <properties/>
  <testcase name="return a dto crafted from the character domain model" classname="net.jemzart.rpgkatalondon.unit.GetCharacterShould" time="0.027"/>
  <system-out><![CDATA[]]></system-out>
  <system-err><![CDATA[]]></system-err>
</testsuite>
