<?xml version="1.0" encoding="UTF-8"?>
<testsuite name="net.jemzart.rpgkatalondon.acceptance.ANewlyCreatedCharacterShould" tests="1" skipped="0" failures="0" errors="0" timestamp="2019-09-10T03:41:55" hostname="Guisp" time="0.025">
  <properties/>
  <testcase name="have default stats" classname="net.jemzart.rpgkatalondon.acceptance.ANewlyCreatedCharacterShould" time="0.025"/>
  <system-out><![CDATA[]]></system-out>
  <system-err><![CDATA[]]></system-err>
</testsuite>
