<?xml version="1.0" encoding="UTF-8"?>
<testsuite name="net.jemzart.rpgkatalondon.acceptance.DamagingAnotherCharacterShould" tests="1" skipped="0" failures="0" errors="0" timestamp="2019-09-10T03:41:56" hostname="Guisp" time="0.0">
  <properties/>
  <testcase name="lower his health by a fixed amount" classname="net.jemzart.rpgkatalondon.acceptance.DamagingAnotherCharacterShould" time="0.0"/>
  <system-out><![CDATA[]]></system-out>
  <system-err><![CDATA[]]></system-err>
</testsuite>
